{"/Users/beto/Desktop/best_city/backend_test/server/controllers/notesController.js": {"path":"/Users/beto/Desktop/best_city/backend_test/server/controllers/notesController.js","statementMap":{"0":{"start":{"line":2,"column":12},"end":{"line":2,"column":14}},"1":{"start":{"line":3,"column":13},"end":{"line":3,"column":14}},"2":{"start":{"line":6,"column":0},"end":{"line":42,"column":null}},"3":{"start":{"line":7,"column":4},"end":{"line":41,"column":null}},"4":{"start":{"line":8,"column":35},"end":{"line":8,"column":43}},"5":{"start":{"line":10,"column":8},"end":{"line":15,"column":null}},"6":{"start":{"line":11,"column":12},"end":{"line":14,"column":null}},"7":{"start":{"line":17,"column":24},"end":{"line":23,"column":9}},"8":{"start":{"line":25,"column":8},"end":{"line":25,"column":null}},"9":{"start":{"line":27,"column":8},"end":{"line":27,"column":null}},"10":{"start":{"line":29,"column":8},"end":{"line":33,"column":null}},"11":{"start":{"line":35,"column":8},"end":{"line":35,"column":null}},"12":{"start":{"line":36,"column":8},"end":{"line":40,"column":null}},"13":{"start":{"line":45,"column":0},"end":{"line":62,"column":null}},"14":{"start":{"line":46,"column":4},"end":{"line":61,"column":null}},"15":{"start":{"line":47,"column":8},"end":{"line":47,"column":null}},"16":{"start":{"line":49,"column":8},"end":{"line":53,"column":null}},"17":{"start":{"line":55,"column":8},"end":{"line":55,"column":null}},"18":{"start":{"line":56,"column":8},"end":{"line":60,"column":null}},"19":{"start":{"line":65,"column":0},"end":{"line":92,"column":null}},"20":{"start":{"line":66,"column":4},"end":{"line":91,"column":null}},"21":{"start":{"line":67,"column":23},"end":{"line":67,"column":33}},"22":{"start":{"line":68,"column":21},"end":{"line":68,"column":59}},"23":{"start":{"line":68,"column":37},"end":{"line":68,"column":58}},"24":{"start":{"line":70,"column":8},"end":{"line":76,"column":null}},"25":{"start":{"line":71,"column":12},"end":{"line":71,"column":null}},"26":{"start":{"line":72,"column":12},"end":{"line":75,"column":null}},"27":{"start":{"line":78,"column":8},"end":{"line":78,"column":null}},"28":{"start":{"line":80,"column":8},"end":{"line":83,"column":null}},"29":{"start":{"line":85,"column":8},"end":{"line":85,"column":null}},"30":{"start":{"line":86,"column":8},"end":{"line":90,"column":null}},"31":{"start":{"line":95,"column":0},"end":{"line":130,"column":null}},"32":{"start":{"line":96,"column":4},"end":{"line":129,"column":null}},"33":{"start":{"line":97,"column":23},"end":{"line":97,"column":33}},"34":{"start":{"line":98,"column":35},"end":{"line":98,"column":43}},"35":{"start":{"line":100,"column":26},"end":{"line":100,"column":69}},"36":{"start":{"line":100,"column":47},"end":{"line":100,"column":68}},"37":{"start":{"line":102,"column":8},"end":{"line":108,"column":null}},"38":{"start":{"line":103,"column":12},"end":{"line":103,"column":null}},"39":{"start":{"line":104,"column":12},"end":{"line":107,"column":null}},"40":{"start":{"line":111,"column":8},"end":{"line":111,"column":null}},"41":{"start":{"line":111,"column":33},"end":{"line":111,"column":null}},"42":{"start":{"line":112,"column":8},"end":{"line":112,"column":null}},"43":{"start":{"line":112,"column":35},"end":{"line":112,"column":null}},"44":{"start":{"line":113,"column":8},"end":{"line":113,"column":null}},"45":{"start":{"line":115,"column":8},"end":{"line":115,"column":null}},"46":{"start":{"line":117,"column":8},"end":{"line":121,"column":null}},"47":{"start":{"line":123,"column":8},"end":{"line":123,"column":null}},"48":{"start":{"line":124,"column":8},"end":{"line":128,"column":null}},"49":{"start":{"line":133,"column":0},"end":{"line":163,"column":null}},"50":{"start":{"line":134,"column":4},"end":{"line":162,"column":null}},"51":{"start":{"line":135,"column":23},"end":{"line":135,"column":33}},"52":{"start":{"line":136,"column":26},"end":{"line":136,"column":69}},"53":{"start":{"line":136,"column":47},"end":{"line":136,"column":68}},"54":{"start":{"line":138,"column":8},"end":{"line":144,"column":null}},"55":{"start":{"line":139,"column":12},"end":{"line":139,"column":null}},"56":{"start":{"line":140,"column":12},"end":{"line":143,"column":null}},"57":{"start":{"line":146,"column":28},"end":{"line":146,"column":57}},"58":{"start":{"line":148,"column":8},"end":{"line":148,"column":null}},"59":{"start":{"line":150,"column":8},"end":{"line":154,"column":null}},"60":{"start":{"line":156,"column":8},"end":{"line":156,"column":null}},"61":{"start":{"line":157,"column":8},"end":{"line":161,"column":null}}},"fnMap":{"0":{"name":"(anonymous_0)","decl":{"start":{"line":6,"column":21},"end":{"line":6,"column":22}},"loc":{"start":{"line":6,"column":35},"end":{"line":42,"column":1}},"line":6},"1":{"name":"(anonymous_1)","decl":{"start":{"line":45,"column":22},"end":{"line":45,"column":23}},"loc":{"start":{"line":45,"column":36},"end":{"line":62,"column":1}},"line":45},"2":{"name":"(anonymous_2)","decl":{"start":{"line":65,"column":22},"end":{"line":65,"column":23}},"loc":{"start":{"line":65,"column":36},"end":{"line":92,"column":1}},"line":65},"3":{"name":"(anonymous_3)","decl":{"start":{"line":68,"column":32},"end":{"line":68,"column":33}},"loc":{"start":{"line":68,"column":37},"end":{"line":68,"column":58}},"line":68},"4":{"name":"(anonymous_4)","decl":{"start":{"line":95,"column":21},"end":{"line":95,"column":22}},"loc":{"start":{"line":95,"column":35},"end":{"line":130,"column":1}},"line":95},"5":{"name":"(anonymous_5)","decl":{"start":{"line":100,"column":42},"end":{"line":100,"column":43}},"loc":{"start":{"line":100,"column":47},"end":{"line":100,"column":68}},"line":100},"6":{"name":"(anonymous_6)","decl":{"start":{"line":133,"column":21},"end":{"line":133,"column":22}},"loc":{"start":{"line":133,"column":35},"end":{"line":163,"column":1}},"line":133},"7":{"name":"(anonymous_7)","decl":{"start":{"line":136,"column":42},"end":{"line":136,"column":43}},"loc":{"start":{"line":136,"column":47},"end":{"line":136,"column":68}},"line":136}},"branchMap":{"0":{"loc":{"start":{"line":10,"column":8},"end":{"line":15,"column":null}},"type":"if","locations":[{"start":{"line":10,"column":8},"end":{"line":15,"column":null}},{"start":{},"end":{}}],"line":10},"1":{"loc":{"start":{"line":10,"column":12},"end":{"line":10,"column":30}},"type":"binary-expr","locations":[{"start":{"line":10,"column":12},"end":{"line":10,"column":18}},{"start":{"line":10,"column":22},"end":{"line":10,"column":30}}],"line":10},"2":{"loc":{"start":{"line":70,"column":8},"end":{"line":76,"column":null}},"type":"if","locations":[{"start":{"line":70,"column":8},"end":{"line":76,"column":null}},{"start":{},"end":{}}],"line":70},"3":{"loc":{"start":{"line":102,"column":8},"end":{"line":108,"column":null}},"type":"if","locations":[{"start":{"line":102,"column":8},"end":{"line":108,"column":null}},{"start":{},"end":{}}],"line":102},"4":{"loc":{"start":{"line":111,"column":8},"end":{"line":111,"column":null}},"type":"if","locations":[{"start":{"line":111,"column":8},"end":{"line":111,"column":null}},{"start":{},"end":{}}],"line":111},"5":{"loc":{"start":{"line":112,"column":8},"end":{"line":112,"column":null}},"type":"if","locations":[{"start":{"line":112,"column":8},"end":{"line":112,"column":null}},{"start":{},"end":{}}],"line":112},"6":{"loc":{"start":{"line":138,"column":8},"end":{"line":144,"column":null}},"type":"if","locations":[{"start":{"line":138,"column":8},"end":{"line":144,"column":null}},{"start":{},"end":{}}],"line":138}},"s":{"0":1,"1":1,"2":1,"3":26,"4":26,"5":26,"6":6,"7":20,"8":20,"9":20,"10":20,"11":0,"12":0,"13":1,"14":3,"15":3,"16":3,"17":0,"18":0,"19":1,"20":6,"21":6,"22":6,"23":63,"24":6,"25":3,"26":3,"27":3,"28":3,"29":0,"30":0,"31":1,"32":6,"33":6,"34":6,"35":6,"36":64,"37":6,"38":1,"39":1,"40":5,"41":4,"42":5,"43":3,"44":5,"45":5,"46":5,"47":0,"48":0,"49":1,"50":4,"51":4,"52":4,"53":53,"54":4,"55":1,"56":1,"57":3,"58":3,"59":3,"60":0,"61":0},"f":{"0":26,"1":3,"2":6,"3":63,"4":6,"5":64,"6":4,"7":53},"b":{"0":[6,20],"1":[26,22],"2":[3,3],"3":[1,5],"4":[4,1],"5":[3,2],"6":[1,3]},"meta":{"lastBranch":7,"lastFunction":8,"lastStatement":62,"seen":{"s:2:12:2:14":0,"s:3:13:3:14":1,"s:6:0:42:Infinity":2,"f:6:21:6:22":0,"s:7:4:41:Infinity":3,"s:8:35:8:43":4,"b:10:8:15:Infinity:undefined:undefined:undefined:undefined":0,"s:10:8:15:Infinity":5,"b:10:12:10:18:10:22:10:30":1,"s:11:12:14:Infinity":6,"s:17:24:23:9":7,"s:25:8:25:Infinity":8,"s:27:8:27:Infinity":9,"s:29:8:33:Infinity":10,"s:35:8:35:Infinity":11,"s:36:8:40:Infinity":12,"s:45:0:62:Infinity":13,"f:45:22:45:23":1,"s:46:4:61:Infinity":14,"s:47:8:47:Infinity":15,"s:49:8:53:Infinity":16,"s:55:8:55:Infinity":17,"s:56:8:60:Infinity":18,"s:65:0:92:Infinity":19,"f:65:22:65:23":2,"s:66:4:91:Infinity":20,"s:67:23:67:33":21,"s:68:21:68:59":22,"f:68:32:68:33":3,"s:68:37:68:58":23,"b:70:8:76:Infinity:undefined:undefined:undefined:undefined":2,"s:70:8:76:Infinity":24,"s:71:12:71:Infinity":25,"s:72:12:75:Infinity":26,"s:78:8:78:Infinity":27,"s:80:8:83:Infinity":28,"s:85:8:85:Infinity":29,"s:86:8:90:Infinity":30,"s:95:0:130:Infinity":31,"f:95:21:95:22":4,"s:96:4:129:Infinity":32,"s:97:23:97:33":33,"s:98:35:98:43":34,"s:100:26:100:69":35,"f:100:42:100:43":5,"s:100:47:100:68":36,"b:102:8:108:Infinity:undefined:undefined:undefined:undefined":3,"s:102:8:108:Infinity":37,"s:103:12:103:Infinity":38,"s:104:12:107:Infinity":39,"b:111:8:111:Infinity:undefined:undefined:undefined:undefined":4,"s:111:8:111:Infinity":40,"s:111:33:111:Infinity":41,"b:112:8:112:Infinity:undefined:undefined:undefined:undefined":5,"s:112:8:112:Infinity":42,"s:112:35:112:Infinity":43,"s:113:8:113:Infinity":44,"s:115:8:115:Infinity":45,"s:117:8:121:Infinity":46,"s:123:8:123:Infinity":47,"s:124:8:128:Infinity":48,"s:133:0:163:Infinity":49,"f:133:21:133:22":6,"s:134:4:162:Infinity":50,"s:135:23:135:33":51,"s:136:26:136:69":52,"f:136:42:136:43":7,"s:136:47:136:68":53,"b:138:8:144:Infinity:undefined:undefined:undefined:undefined":6,"s:138:8:144:Infinity":54,"s:139:12:139:Infinity":55,"s:140:12:143:Infinity":56,"s:146:28:146:57":57,"s:148:8:148:Infinity":58,"s:150:8:154:Infinity":59,"s:156:8:156:Infinity":60,"s:157:8:161:Infinity":61}}}
,"/Users/beto/Desktop/best_city/backend_test/server/routes/notesRoute.js": {"path":"/Users/beto/Desktop/best_city/backend_test/server/routes/notesRoute.js","statementMap":{"0":{"start":{"line":1,"column":16},"end":{"line":1,"column":34}},"1":{"start":{"line":8,"column":4},"end":{"line":8,"column":45}},"2":{"start":{"line":10,"column":15},"end":{"line":10,"column":31}},"3":{"start":{"line":13,"column":0},"end":{"line":13,"column":null}},"4":{"start":{"line":16,"column":0},"end":{"line":16,"column":null}},"5":{"start":{"line":19,"column":0},"end":{"line":19,"column":null}},"6":{"start":{"line":22,"column":0},"end":{"line":22,"column":null}},"7":{"start":{"line":25,"column":0},"end":{"line":25,"column":null}},"8":{"start":{"line":27,"column":0},"end":{"line":27,"column":null}}},"fnMap":{},"branchMap":{},"s":{"0":1,"1":1,"2":1,"3":1,"4":1,"5":1,"6":1,"7":1,"8":1},"f":{},"b":{},"meta":{"lastBranch":0,"lastFunction":0,"lastStatement":9,"seen":{"s:1:16:1:34":0,"s:8:4:8:45":1,"s:10:15:10:31":2,"s:13:0:13:Infinity":3,"s:16:0:16:Infinity":4,"s:19:0:19:Infinity":5,"s:22:0:22:Infinity":6,"s:25:0:25:Infinity":7,"s:27:0:27:Infinity":8}}}
}
