TN:
SF:server/controllers/notesController.js
FN:6,(anonymous_0)
FN:45,(anonymous_1)
FN:65,(anonymous_2)
FN:68,(anonymous_3)
FN:95,(anonymous_4)
FN:100,(anonymous_5)
FN:133,(anonymous_6)
FN:136,(anonymous_7)
FNF:8
FNH:8
FNDA:26,(anonymous_0)
FNDA:3,(anonymous_1)
FNDA:6,(anonymous_2)
FNDA:63,(anonymous_3)
FNDA:6,(anonymous_4)
FNDA:64,(anonymous_5)
FNDA:4,(anonymous_6)
FNDA:53,(anonymous_7)
DA:2,1
DA:3,1
DA:6,1
DA:7,26
DA:8,26
DA:10,26
DA:11,6
DA:17,20
DA:25,20
DA:27,20
DA:29,20
DA:35,0
DA:36,0
DA:45,1
DA:46,3
DA:47,3
DA:49,3
DA:55,0
DA:56,0
DA:65,1
DA:66,6
DA:67,6
DA:68,63
DA:70,6
DA:71,3
DA:72,3
DA:78,3
DA:80,3
DA:85,0
DA:86,0
DA:95,1
DA:96,6
DA:97,6
DA:98,6
DA:100,64
DA:102,6
DA:103,1
DA:104,1
DA:111,5
DA:112,5
DA:113,5
DA:115,5
DA:117,5
DA:123,0
DA:124,0
DA:133,1
DA:134,4
DA:135,4
DA:136,53
DA:138,4
DA:139,1
DA:140,1
DA:146,3
DA:148,3
DA:150,3
DA:156,0
DA:157,0
LF:57
LH:47
BRDA:10,0,0,6
BRDA:10,0,1,20
BRDA:10,1,0,26
BRDA:10,1,1,22
BRDA:70,2,0,3
BRDA:70,2,1,3
BRDA:102,3,0,1
BRDA:102,3,1,5
BRDA:111,4,0,4
BRDA:111,4,1,1
BRDA:112,5,0,3
BRDA:112,5,1,2
BRDA:138,6,0,1
BRDA:138,6,1,3
BRF:14
BRH:14
end_of_record
TN:
SF:server/routes/notesRoute.js
FNF:0
FNH:0
DA:1,1
DA:8,1
DA:10,1
DA:13,1
DA:16,1
DA:19,1
DA:22,1
DA:25,1
DA:27,1
LF:9
LH:9
BRF:0
BRH:0
end_of_record
